<?xml version="1.0" encoding="UTF-8"?>
<!-- Generated by org.testng.reporters.JUnitReportReporter -->
<testsuite hostname="LAPTOP-AVB2L64G" failures="0" tests="1" name="Axis.DataDrivenTesting.DataDrivenTest" time="9.642" errors="0" timestamp="2024-02-25T17:56:08 IST" skipped="0">
  <testcase classname="Axis.DataDrivenTesting.DataDrivenTest" name="fbLoginLogout" time="9.642"/>
</testsuite> <!-- Axis.DataDrivenTesting.DataDrivenTest -->
