<?xml version="1.0" encoding="UTF-8"?>
<!-- Generated by org.testng.reporters.JUnitReportReporter -->
<testsuite hostname="LAPTOP-AVB2L64G" failures="0" tests="1" name="Axis.DataDrivenTesting.WriteExcelDataDrivenTest" time="4.333" errors="0" timestamp="2024-02-25T18:18:26 IST" skipped="0">
  <testcase classname="Axis.DataDrivenTesting.WriteExcelDataDrivenTest" name="ReadData" time="4.333"/>
</testsuite> <!-- Axis.DataDrivenTesting.WriteExcelDataDrivenTest -->
