<?xml version="1.0" encoding="UTF-8"?>
<!-- Generated by org.testng.reporters.JUnitReportReporter -->
<testsuite hostname="KARNA" failures="0" tests="4" name="Axis.SeleniumGrid.Selenium4GridTest" time="69.829" errors="0" timestamp="2024-03-04T14:06:01 IST" skipped="0">
  <testcase classname="Axis.SeleniumGrid.Selenium4GridTest" name="loginPageHeading" time="18.918"/>
  <testcase classname="Axis.SeleniumGrid.Selenium4GridTest" name="loginPageHeading" time="23.920"/>
  <testcase classname="Axis.SeleniumGrid.Selenium4GridTest" name="invalidCredentials" time="14.430"/>
  <testcase classname="Axis.SeleniumGrid.Selenium4GridTest" name="invalidCredentials" time="12.561"/>
</testsuite> <!-- Axis.SeleniumGrid.Selenium4GridTest -->
