<?xml version="1.0" encoding="UTF-8"?>
<!-- Generated by org.testng.reporters.JUnitReportReporter -->
<testsuite hostname="LAPTOP-AVB2L64G" failures="0" tests="1" name="Axis.DataDrivenTesting.ReadExcel" time="17.780" errors="0" timestamp="2024-02-27T12:44:08 IST" skipped="0">
  <testcase classname="Axis.DataDrivenTesting.ReadExcel" name="fblogin" time="17.780"/>
</testsuite> <!-- Axis.DataDrivenTesting.ReadExcel -->
