<?xml version="1.0" encoding="UTF-8"?>
<!-- Generated by org.testng.reporters.JUnitReportReporter -->
<testsuite hostname="LAPTOP-AVB2L64G" failures="0" tests="1" name="Axis.DataDrivenTesting.WriteToExcel" time="3.012" errors="0" timestamp="2024-02-28T10:21:26 IST" skipped="0">
  <testcase classname="Axis.DataDrivenTesting.WriteToExcel" name="fblogin" time="3.012"/>
</testsuite> <!-- Axis.DataDrivenTesting.WriteToExcel -->
