<?xml version="1.0" encoding="UTF-8"?>
<!-- Generated by org.testng.reporters.JUnitReportReporter -->
<testsuite hostname="LAPTOP-AVB2L64G" failures="0" tests="1" name="Axis.DataDrivenTesting.ReadExcel" time="3.911" errors="0" timestamp="2024-02-28T10:25:16 IST" skipped="0">
  <testcase classname="Axis.DataDrivenTesting.ReadExcel" name="fblogin" time="3.911"/>
</testsuite> <!-- Axis.DataDrivenTesting.ReadExcel -->
